<?xml version="1.0" encoding="UTF-8"?>
<!-- Generated by org.testng.reporters.JUnitReportReporter -->
<testsuite hostname="LAPTOP-TV41H5C2" failures="0" tests="3" name="testNGPkg.Different_Parameters" time="0.011" errors="0" timestamp="2022-01-03T17:40:34 PST" skipped="0">
  <testcase classname="testNGPkg.Different_Parameters" name="method3" time="0.001"/>
  <system-out/>
  <testcase classname="testNGPkg.Different_Parameters" name="method2" time="0.001"/>
  <system-out/>
  <testcase classname="testNGPkg.Different_Parameters" name="method1" time="0.009"/>
  <system-out/>
</testsuite> <!-- testNGPkg.Different_Parameters -->
