<?xml version="1.0" encoding="UTF-8"?>
<!-- Generated by org.testng.reporters.JUnitReportReporter -->
<testsuite hostname="LAPTOP-TV41H5C2" failures="0" tests="7" name="testNGPkg.Priority" time="0.014" errors="0" timestamp="2021-12-29T18:36:19 PST" skipped="1">
  <testcase classname="testNGPkg.Priority" name="testMethod2" time="0.001"/>
  <system-out/>
  <testcase classname="testNGPkg.Priority" name="testMethod2" time="0.009"/>
  <system-out/>
  <testcase classname="testNGPkg.Priority" name="testMethod2" time="0.001"/>
  <system-out/>
  <testcase classname="testNGPkg.Priority" name="testMethod2" time="0.001"/>
  <system-out/>
  <testcase classname="testNGPkg.Priority" name="testMethod2" time="0.001"/>
  <system-out/>
  <testcase classname="testNGPkg.Priority" name="testMethod1" time="0.001"/>
  <system-out/>
  <testcase classname="testNGPkg.Priority" name="testMethod3">
    <skipped/>
  </testcase> <!-- testMethod3 -->
  <system-out/>
</testsuite> <!-- testNGPkg.Priority -->
