<?xml version="1.0" encoding="UTF-8"?>
<!-- Generated by org.testng.reporters.JUnitReportReporter -->
<testsuite hostname="LAPTOP-TV41H5C2" failures="0" tests="3" name="testNGPkg.MethodIncludeExclude" time="0.022" errors="0" timestamp="2021-12-28T20:22:12 PST" skipped="0">
  <testcase classname="testNGPkg.MethodIncludeExclude" name="testMethod4" time="0.002"/>
  <system-out/>
  <testcase classname="testNGPkg.MethodIncludeExclude" name="testMethod2" time="0.017"/>
  <system-out/>
  <testcase classname="testNGPkg.MethodIncludeExclude" name="testMethod3" time="0.003"/>
  <system-out/>
</testsuite> <!-- testNGPkg.MethodIncludeExclude -->
