<?xml version="1.0" encoding="UTF-8"?>
<!-- Generated by org.testng.reporters.JUnitReportReporter -->
<testsuite hostname="LAPTOP-TV41H5C2" failures="0" tests="1" name="testNGPkg.DependsOnMethod" time="0.012" errors="0" timestamp="2021-12-27T18:46:14 PST" skipped="0">
  <testcase classname="testNGPkg.DependsOnMethod" name="testMethod1" time="0.012"/>
  <system-out/>
</testsuite> <!-- testNGPkg.DependsOnMethod -->
