<?xml version="1.0" encoding="UTF-8"?>
<!-- Generated by org.testng.reporters.JUnitReportReporter -->
<testsuite hostname="LAPTOP-TV41H5C2" failures="0" tests="4" name="testNGPkg.GroupExps" time="0.016" errors="0" timestamp="2021-12-29T18:02:28 PST" skipped="0">
  <testcase classname="testNGPkg.GroupExps" name="testMethod1" time="0.009"/>
  <system-out/>
  <testcase classname="testNGPkg.GroupExps" name="testMethod3" time="0.003"/>
  <system-out/>
  <testcase classname="testNGPkg.GroupExps" name="testMethod2" time="0.003"/>
  <system-out/>
  <testcase classname="testNGPkg.GroupExps" name="testMethod4" time="0.001"/>
  <system-out/>
</testsuite> <!-- testNGPkg.GroupExps -->
