<?xml version="1.0" encoding="UTF-8"?>
<!-- Generated by org.testng.reporters.JUnitReportReporter -->
<testsuite hostname="LAPTOP-TV41H5C2" failures="0" tests="4" name="testNGPkg.ParallelExcutionTest" time="0.013" errors="0" timestamp="2021-12-30T17:47:18 PST" skipped="0">
  <testcase classname="testNGPkg.ParallelExcutionTest" name="testMethod2" time="0.001"/>
  <system-out/>
  <testcase classname="testNGPkg.ParallelExcutionTest" name="testMethod4" time="0.001"/>
  <system-out/>
  <testcase classname="testNGPkg.ParallelExcutionTest" name="testMethod1" time="0.010"/>
  <system-out/>
  <testcase classname="testNGPkg.ParallelExcutionTest" name="testMethod3" time="0.001"/>
  <system-out/>
</testsuite> <!-- testNGPkg.ParallelExcutionTest -->
