<?xml version="1.0" encoding="UTF-8"?>
<!-- Generated by org.testng.reporters.JUnitReportReporter -->
<testsuite hostname="LAPTOP-TV41H5C2" failures="0" tests="5" name="testNGPkg.DependsMGTest" time="0.020" errors="0" timestamp="2021-12-29T17:41:00 PST" skipped="0">
  <testcase classname="testNGPkg.DependsMGTest" name="selectMethod" time="0.001"/>
  <system-out/>
  <testcase classname="testNGPkg.DependsMGTest" name="init" time="0.017"/>
  <system-out/>
  <testcase classname="testNGPkg.DependsMGTest" name="updatedMethod" time="0.001"/>
  <system-out/>
  <testcase classname="testNGPkg.DependsMGTest" name="insert" time="0.001"/>
  <system-out/>
  <testcase classname="testNGPkg.DependsMGTest" name="deleteMethod" time="0.000"/>
  <system-out/>
</testsuite> <!-- testNGPkg.DependsMGTest -->
