<?xml version="1.0" encoding="UTF-8"?>
<!-- Generated by org.testng.reporters.JUnitReportReporter -->
<testsuite hostname="LAPTOP-TV41H5C2" failures="0" tests="6" name="testNGPkg.DependsOnMethodAndGroups" time="0.028" errors="0" timestamp="2021-12-28T18:25:34 PST" skipped="0">
  <testcase classname="testNGPkg.DependsOnMethodAndGroups" name="insert" time="0.001"/>
  <system-out/>
  <testcase classname="testNGPkg.DependsOnMethodAndGroups" name="updatedMethod" time="0.002"/>
  <system-out/>
  <testcase classname="testNGPkg.DependsOnMethodAndGroups" name="selectMethod" time="0.002"/>
  <system-out/>
  <testcase classname="testNGPkg.DependsOnMethodAndGroups" name="cleanUpMethod" time="0.002"/>
  <system-out/>
  <testcase classname="testNGPkg.DependsOnMethodAndGroups" name="init" time="0.020"/>
  <system-out/>
  <testcase classname="testNGPkg.DependsOnMethodAndGroups" name="deleteMethod" time="0.001"/>
  <system-out/>
</testsuite> <!-- testNGPkg.DependsOnMethodAndGroups -->
